1 | 天才宝宝，总裁爹地好威武
2 | 皇帝萌萌哒
3 | 幸福武侠
4 | 医尘不染，爱妻入骨
5 | 铁血强国
6 | 婚非得已，男神的闪婚甜爱
7 | 七界战仙
8 | 霸古绝神
9 | 网游之机械时代
10 | 世妻
11 | 星际之将军很帅
12 | 贞观大闲人
13 | 武绝天下
14 | 冷酷法师的俏鬼妻
15 | 武炼苍穹
16 | 深度索爱：腹黑总裁的心尖宠儿
17 | 篮坛之1996
18 | 金牌特助：总裁给我当小三！
19 | 天杀
20 | 天下至尊
21 | 吸血鬼追猎者
22 | 总裁蜜爱：美妻很迷人
23 | 风流高手都市猎艳记
24 | 绝世兵王
25 | 圣魔
26 | 电影中的兑换强者
27 | 超品相师
28 | 帝霸
29 | 刀碎星河
30 | 恐怖网文
31 | 玄门高手在都市
32 | 不败升级
33 | 极品仙师
34 | 从岛主到国王
35 | 重生潜入梦
36 | 我来自阿斯嘉德
37 | 智能狂潮
38 | 美利坚之山林称王
39 | 神级灵魂
40 | 恶魔在纽约
41 | 从仙侠世界归来
42 | 超级娱乐王朝
43 | 盗贼王座
44 | 神权天赋
45 | 数据大魔王
46 | 狼性首席的娇妻
47 | 最后一个盗墓人
48 | 嚣张强少
49 | 近战兵王闯都市
50 | 隐世高手在都市
51 | 引狼入局：总裁大人请乖乖听话
52 | 豪门蜜宠：腹黑总裁不好惹
53 | 娇宠小甜妻：坏坏老公是匹狼
54 | 仙墓重生
55 | 总裁大人，别太坏
56 | 拐个帅鬼当老公
57 | 致命游戏:首席的独宠爱人
58 | 终极高手闯花都
59 | 玄武狂尊
60 | 绝品仙医
61 | 极品狂医
62 | 重生之复仇新娘
63 | 贴身兵王在都市
64 | 狼性王爷：妖孽夫君别太坏
65 | 豪门霸爱：总裁的头号新宠
67 | 倾世独宠：凰后难求
68 | 狠狠爱：首席总裁枕上宠
69 | 逆天邪尊
70 | 盛夏情殇
71 | 钻石豪门：总裁夫人超大牌
72 | 先婚后爱：偷走总裁的宝宝
73 | 无敌保镖
74 | 王子殿下，你别拽
75 | 欢喜冤家：腹黑总裁爆萌妻
76 | 霸宠甜妻：乖，老婆大人
77 | 豪门盛宠：首席总裁请自重
78 | 闪婚甜妻，迷糊老婆太难宠
79 | 芒果露西亚
80 | 宠妻成瘾，总裁你够了
81 | 超级高手在校园
82 | 我当阴阳蛊师那几年
83 | 史上最强邪少
84 | 暗帝绝宠：妖后太放肆
85 | 狼性王爷请放手
86 | 傲世神尊
87 | 无尽剑魂
88 | 舍·得
89 | 逆天战神
90 | 错惹狼性总裁：诱夫入局
91 | 愿来生不再与你相识
92 | 总裁的名门娇宠
93 | 二层楼灵异事件
94 | 校园极品邪少
95 | 宠你，只是因为你是我的心脏
96 | 搞定失忆小皇帝
97 | 引狼入室：总裁，请入局
98 | 我当灵媒那些年
99 | 嫡女重生之毒后风华
100 | 拒嫁豪门：首席总裁请滚开
101 | 我的老公是吸血鬼
102 | 闪婚七秒：纯情总裁咬一口
103 | 媚眼倾城：王妃休想逃！
104 | 嫡女江山
105 | 都市之花丛老手
106 | 神医凰妃：皇上，咱们成亲吧
107 | 弑神战帝
108 | 武驭八极
109 | 九五至尊
110 | 全职武神
111 | 剑荡九阙
112 | 重生之金牌狂妃
113 | 九天神斧
114 | 宠妻无度：豪门总裁诱娇妻
116 | 神级高手在校园
117 | 天价顽妻：贴心老公不靠谱
118 | 一吻成瘾：总裁，情深入骨
119 | 霸宠小助理：总裁大人在隔壁
120 | 女神的贴身狂医
121 | 冷情少爷的逃婚小妻子
122 | 穿越之宠妃难当
123 | 首席霸爱：挑上抵债未婚妻
125 | 魔鬼首领：缠情绵爱
126 | 春心如宅
127 | 火爆狂兵
128 | 宝贝来袭，抱得总裁归
141 | 斗战九天
145 | 娇宠甜妻：腹黑老公请节制
177 | 末世之绝对领域
178 | 茅山术之捉鬼高手
179 | 极品全能学生
180 | 人生赢家
181 | 人生赢家[快穿]
182 | 特立独行的影帝
183 | 快穿之再见悲剧
184 | 陌上人间
185 | 我当炮灰那些年
186 | 无爱婚姻
187 | 九幽天帝
188 | 英雄联盟之传奇归来
189 | 豪门重生之千金来袭gl
190 | 雪鹰领主
191 | 契约：魔法少女
192 | 茅山传说
193 | 九阳剑圣
194 | 篡天
195 | [红楼]当芷若穿成林黛玉
196 | 位面之最强绿巨人
197 | 花田喜嫁，拐个王爷当相公
198 | 攻心日常，我家总裁很霸气
199 | 超次元掠夺
200 | 落跑王妃，王爷如影随形
201 | 放纵
202 | 徒儿吃的太多了
203 | 医女惊华，夫君请接嫁
204 | 不朽巫师
205 | 三界独尊
206 | 九星杀神
207 | 谈婚论价，总裁追妻无门
208 | 带着空间玩末世
209 | 凰傲天后，改造完美神君
210 | 大导演
211 | 神医弃妇
212 | 没有来生
213 | 蠢哒哒联萌记事薄
214 | 至尊纨绔
215 | 红色官途
216 | 天国游戏
217 | 儒道至圣
218 | 大穿越时代
219 | 极品霸医
220 | 情陆蔓蔓，总裁大叔好难追
221 | 大唐魔术师
222 | 步步惊婚，总裁的危险新妻
223 | 我的姥爷是盗墓贼
224 | 史上最强终端
225 | [综]抢夺主角光环
226 | 暴走军娘
227 | 信仰封神
228 | 尸神鬼仙
229 | 奸臣是妻管严
230 | 星际修仙生活
231 | 星际机甲少女
232 | 世家嫡谋
233 | 总裁先生别误会
234 | 都市系统精灵
235 | 暗影神座
236 | 脑部动漫制造机
237 | 吴限宇宙
238 | 雅拉冒险笔记
239 | 极限王途
240 | 修罗武神
241 | 异常魔兽见闻录
242 | 异界的艾泽拉斯
243 | 韩娱之魔女孝渊
244 | 奉子寻夫，降服百变妖君！
245 | 第一傲世皇后
246 | 地球上最牛逼的男人
247 | [快穿]作为一个合格的渣
248 | 电脑附身
249 | 绝武天尊
250 | 武道高手在都市
251 | 冰火城
252 | 都市鬼医
253 | 深海提督
254 | 文壕
255 | 蚀心醉爱，薄情总裁画地为牢
256 | 漫威里的侠客
257 | 剑斩诸天
258 | 大山道士
259 | 炎武战神
260 | 专职美女保镖
261 | 电影世界里的侠客
262 | 战鹰传说
263 | 从难而返
264 | 火爆巨星
265 | 秀爷霸气侧漏
266 | 名门旧爱
267 | 红楼重生之代玉
268 | 钻石闪婚之溺宠小娇妻
269 | 非常猎人
270 | 左护法演技一流
271 | 大唐崛起[系统]
272 | 吸引攻的正确方式
273 | 墨染卿颜
274 | 穿梭在无限废土
275 | 重生之凰斗
276 | 相思入骨，总裁的心尖前妻
277 | 天地秘藏
278 | 墓探
279 | 第一名媛，总裁的头号新妻
280 | 千罗界
281 | 死亡女神
282 | 天苍黄
283 | 武侠世界大拯救
284 | 九域神皇
285 | 追美高手
286 | 富甲天下
287 | 伏藏师
288 | 女王重生之绝宠狂傲妻
289 | 完美世界
290 | 燕京纪事
291 | 名动四方[综武侠]
292 | 宠帝
293 | 离婚不是一件容易的事
294 | 风云闪电侠
295 | 重生之聂小倩
296 | 江南春
297 | 武神空间
298 | 独宠神医毒妃
299 | 三国神仙老师
300 | 网金之古墓大师兄
301 | 徐门娇
302 | 暗黑大帝
303 | 嫡后策，狂后三嫁
304 | 东京绅士物语
305 | 听女儿给我讲诡故事
306 | 九龙至尊
307 | 绝品邪少
308 | 末世之精灵游记
309 | 深情久不负
310 | 我就是好莱坞
311 | 天价妻约，总裁赖上门
312 | 最萌身高差，独宠纯情小萌妻
313 | 翡翠女王，霍少的复仇妻！
314 | 圆心
315 | 凶灵人
316 | 龙血神皇
317 | 穿越之农女成凤
318 | 庶女成后，魔尊束手就擒
319 | 深海流窜日记[异世]
320 | 韩娱之顺手而为
321 | 兼职灵傀师
322 | 大神，太妖冶
323 | 娶一赠一，老婆别闹
324 | 逆天魔仙
325 | 贵女难求
326 | 罚神之剑
327 | 妃要休夫，彪悍太子要上位
328 | 情深似海，总裁大人很傲娇
329 | 游戏降临时代
330 | 萌宅千姬变
331 | 嫡贵
332 | （快穿）女主，男主是炮灰的
333 | 天庭值日生
334 | 特战狼王
335 | 我的空间门
336 | 全生活职业大师
337 | 我们这样的人
338 | 蛇精病的打脸系统[快穿]
339 | 九渊(重生)
340 | 花瓶的自我修养
341 | 穿书之反派养成计划
342 | 火爆近卫
343 | 不似相逢好
344 | 爱因斯坦肥和庄富贵
345 | 重生之美味关系
346 | 野鬼升仙
347 | [韩娱]情商不够智商凑！
348 | 巨星
349 | 忠犬养成
350 | 一妃难求，贵女不愿嫁
351 | 天歌，九醉帝姬
352 | 圣手之尊
353 | [综+剑三]我是你妈啊！
354 | 宠文结局之后
355 | 重生之美人多娇
356 | 灌篮之教练传奇
357 | 星月无双
358 | 弑天刃
359 | 大逆转1906
360 | 龙吟鹰啸
361 | [韩娱]脑洞大开
362 | 百蛊秘藏
363 | 超神刺客
364 | 非正常人类异闻录
365 | 大明星就是我
366 | 至尊纨绔
367 | 秋叶原之魔鬼经纪人
368 | 科技传承
369 | 医师1879
370 | 夜天子
371 | 唐朝小闲人
372 | [综漫]对不起我是好人
373 | 美女市长老婆
374 | 骗婚总裁不地道
375 | 黑萌影帝妙探妻
376 | 武神天下
377 | 绝世狂妃，逆天二小姐
378 | 网游之第七纪元
379 | 一朝穿成伴读
380 | 金牌驭兽师
381 | [综]名侦探守则
382 | 不装逼，遭雷劈[穿书]
383 | 我就是太平洋
384 | [剑三/洪荒]碧游宫老中医
385 | 当她成了“他”
386 | 爱妻如命，总裁悠着点！
387 | 我有药啊[系统]
388 | 最强逆袭大神[快穿]
389 | 完美替身[娱乐圈]
390 | 入侵武侠世界
391 | 重生一世长安
392 | 武侠之长生路
393 | [系统]遗憾请走开
394 | 逆袭吧，琴师
395 | 苍云[剑网三]
396 | 师道艰难gl
397 | [古剑]姓名失忆症
398 | 第一仙师
399 | 异世终极教师
400 | 重生之不做帝妻
401 | 雇佣兵王
402 | 宫中有鬼
403 | 行尸走肉之杀出黎明
404 | 抗日之铁血雄师
405 | 惊天武祖
406 | 穿书反派那个胖纸
407 | 天才狂少
408 | 终焉时区
409 | 仙道至尊
410 | 庶女凤华
411 | 穿越未来之这特么是金手指么 摔
412 | 宁小闲御神录
413 | 带着帝国系统回三国
414 | 星术不正
415 | 笔之魂
416 | 穿越之长姐难为
417 | 穿越者事务所
418 | 无敌战兵
419 | 王牌好莱坞
420 | 拳灭天穹
421 | 天启之门
422 | 全能战神
423 | 命之途
424 | 服饰天下
425 | 网游之黑心奸商
426 | 重生乱世有空间
427 | 步步逼婚，早安老婆大人
428 | 技校精英混社会
429 | 都市疯神榜
430 | 哈利波特的防御术课教授
431 | 平行世界里的女孩们
432 | 无上至尊
433 | 天醒之路
434 | 都市最强仙王
435 | 神冥屠虐
436 | 剑临天下
437 | 精灵王的王妃
438 | 重生之荣耀
439 | 无赖圣尊
440 | 武道人皇
441 | 臻极神兵
442 | 最后一个道士2
443 | 嫡妻难惹
444 | 末世之霸爱
445 | 锦善良缘
446 | 承言欢
447 | 大唐小侯爷
448 | 无可救爱
449 | 重生之神级学霸
450 | 踏道之巅
451 | 剑情神魔录
452 | 重生之神级学霸
453 | 征服下
454 | 网游之东山再起
455 | 穿过黑洞的尽头
456 | 超次元掠夺
457 | 总裁大叔住隔壁
458 | 倾世权谋，绝色俏王妃
459 | 崇祯：重征天下
460 | 重生之凌驾者
461 | 萌妻来了，老公大人请多指教
462 | 美人谋，宦妃毒宠
463 | 养道
464 | [陆小凤]花叶藏林
465 | 既爱则安
466 | 暖婚，我的霸道总裁
467 | 全职法师
468 | 跟班王妃，搞定悍妒王爷
469 | 至尊华娱
470 | 呆萌药师
471 | [足球+卡配罗]上帝之子攻略手册
472 | 让爱入局
473 | 唐朝败家子
474 | 深海主宰
476 | 养个千年女鬼当老婆
477 | 灵异调查组
579 | 轮回在三千世界
580 | 苍穹龙骑
581 | 限制级末日症候
582 | 魔门败类
583 | 网游之大盗贼
584 | 大明悍刀行
585 | 鲜血神座
586 | 走进修仙
587 | 十国千娇
588 | 斗破苍穹之无上之境
589 | 汉儿不为奴
590 | 带着商城混西游
591 | 武墓
592 | 我要做皇帝
593 | 第三帝国之鹰
594 | 道神
595 | 我的盗墓生涯
596 | 重生之商界大亨
597 | 狂神进化
598 | 妖怪管理员
599 | 娱乐宗师
600 | 魔天记
601 | 大明文魁
602 | 道藏美利坚
603 | 临高启明
604 | 乾坤剑神
605 | 喵客信条
606 | 我们的1649
607 | 末世之魔卡时代
608 | 非凡洪荒
609 | 暗夜游侠
610 | 抗日之我为战神
611 | 武侠重生
612 | 众星之主
613 | 怪厨
614 | 仙玉尘缘
615 | 星海圣人
616 | 傲世丹神
617 | 我真是大明星
618 | 辽东钉子户
619 | 魔门正宗
620 | 大道争锋
621 | 声色
622 | 韩娱造星师
623 | 娱乐帝国系统
624 | 帝玄天
625 | 妖怪事务员
626 | 网游秩序之剑
627 | 从零开始
628 | 弑天封神
629 | 超级天启
630 | 女儿总是被穿越
631 | 重生之大叔崛起
632 | 系统之校长来了
633 | 极品地主
634 | 全球怪物在线
635 | 圣者
636 | 重启末世
637 | 实习小道长
638 | 盛唐崛起
639 | 幻想降临时
640 | 银河霸主饲养手记
641 | 工业民科
642 | 刀破苍穹
643 | 功夫圣医
644 | 韩娱之勋
645 | 美利坚大帝
646 | 惊悚乐园
647 | 次元钓客
648 | 雄霸南亚
649 | 我的农场在沙漠
650 | 大上海1909
651 | 文艺圈枭雄
652 | 炼器
653 | 六朝时空神仙传
654 | 盖世仙尊
655 | 最燃圣斗士系统
656 | 官榜
657 | 铸圣庭
658 | 母巢临世
659 | 全球天王系统
660 | 电影大师
661 | 逍遥小邪仙
662 | 我的时空之门
663 | 重回无限
664 | 重生之娱乐鬼才
665 | 九霄神王
666 | 某萝莉法师的异界之旅
667 | 异能者养成系统
668 | 大反派也有春天
669 | 寝与取与路人女主
670 | 锻仙
671 | 综漫的水晶宫
672 | 位面劫匪
673 | 虫慌
674 | 最强地球导师
675 | 天国的水晶宫
676 | 大道偷渡者
677 | 地狱电影院
678 | 校园花心高手
679 | 西游之妖
680 | 三国小兵之霸途
681 | 位面之疯狂交易
682 | 煮酒点江山
683 | 放牧美利坚
684 | 漫威之死亡商人
685 | 春秋我为王
686 | 妖神记
687 | 1852铁血中华
688 | 奸雄天下
689 | 魔尊重生传
690 | 通天剑主
691 | 打工巫师生活录
692 | 红缨记
693 | 巫神纪
694 | 大无限神戒
695 | 申公豹传承
696 | 鉴宝秘术
697 | 神御
698 | 文贼
699 | 亡灵祷文
700 | 花都邪公子
701 | 武炼巅峰
702 | 我的邻居是女妖
703 | 超凡者游戏
704 | 拿无限当单机
705 | 棋祖
706 | 足球豪门
707 | 帝御山河
708 | 江山战图
709 | 长生两千年
710 | 巫师王座
711 | 仙念
712 | 最强武神
713 | 韩娱之最强偶像
714 | 都市藏真
715 | 劫龙变
716 | 美漫大幻想
717 | 末日技能树
718 | 捉蛊记
719 | 萌娘西游记
720 | 仙宝
721 | 末日边缘
722 | 末法瘟医
723 | 势利眼
724 | 鼎定仙域
725 | 将血
726 | 备中的伊达独眼龙
727 | 穿越1630之崛起南美
728 | 明朝谋生手册
729 | 白银之轮
730 | 火影之究极下忍
731 | 修真四万年
732 | 无限之配角的逆袭
733 | 书眼
734 | 黑暗无限
735 | 万能高手
736 | 大灾变
737 | 商踪谍影
738 | 王者好莱坞
739 | 丹武
740 | 统御万界
741 | 无间之旅
742 | 征战洪荒
743 | 捕仙
744 | 蜀山之天宪神君
746 | 太平血
747 | 我在末世有套房
748 | 我是大土豪
749 | 仙侠世界
750 | 夺鼎1617
751 | 网游之三国超级领主
752 | 无敌神灵
753 | 北宋闲王
754 | 抗战之超级兵锋
755 | 步步惊唐
756 | 死神列车
757 | 纯阳武神
758 | 永镇仙魔
759 | 俗人回档
760 | 时空军火商
761 | 位面大穿越
762 | 网游之梦幻法师
763 | 我的影子是食神
764 | 邪帝传人在都市
765 | 星际传奇
766 | 意念成魔
767 | 盛唐刑官
768 | 龙象神皇
769 | 星海战皇
770 | 十方神王
771 | 穿越者
772 | 新风领地
773 | 神武觉醒
774 | 武侠鬼道士
775 | 恶魔超正义
776 | 掠天记
777 | 立鼎1894
778 | 韩娱之影帝
779 | 人生宛若梦幻
780 | 丹武九重天
781 | 逍遥海岛主
782 | 韩娱老科员
783 | 逆行武侠
784 | 终极教师
785 | 英雄联盟之韩娱巨星
786 | 神级反派
787 | 重生一九零二
788 | 万古仙穹
789 | 三国中的仙与大王
790 | 修真归来在都市
791 | 超级海盗船
793 | 天才杂役
794 | 英雄之国
795 | 逍遥渔夫
796 | 异界御宅召唤师
797 | 我的苏联
798 | 英雄联盟：上帝之眼
799 | 乱清
800 | 翡翠之塔
801 | 重生之超级食神
802 | 大宝鉴
803 | 绝世大明星
804 | 大明金主
805 | 伪钞帝国
806 | 永恒剑主
807 | 我的第三帝国
808 | 宝宝龙的极品奶爸
809 | 九阳帝尊
810 | 复活之战斗在第三帝国
811 | 星战神皇
812 | 窃神权
813 | 白首太玄经
814 | 大汉箭神
815 | 无限的使徒们
816 | 从湖伯到玉皇大帝
817 | 纵横在武侠世界
818 | 游戏韩国
819 | 凶兽前锋
820 | 陈家洛的幸福生活
821 | 一统日娱
822 | 行走阴阳
823 | 太上章
824 | 星域之物语
825 | 仙城奶爸
826 | 钢铁时代
827 | 重生之文化巨匠
828 | 登天浮屠
829 | 星期天神大人不在家
830 | 重生之妖孽人生
831 | 超级灵泉
832 | 超级军工帝国
833 | 机战无限
834 | 韩娱之阴阳眼
835 | 天才都市
836 | 网游之精灵世纪
837 | 工业中华
838 | 异世大豪
839 | 无限的大冒险
840 | 永夜君王
841 | 游戏开发巨头
842 | 极品驸马
843 | 末世兽医
844 | 大宋的智慧
845 | 他从末世来
846 | 钢铁界
847 | 兵书世界
848 | 墨莲仙缘录
849 | 天道天骄
850 | 文娱高手
851 | 造化仙路
852 | 神级仙界系统
853 | 穿越到游戏商店
854 | 我家的大明郡主
855 | 英雄无敌之穷途末路
856 | 东方好莱坞
857 | 史上第一穿梭者
858 | 懒神附体
859 | 寒门崛起
860 | 国色生枭
861 | 银幕时代
862 | 战神领主
863 | 萌娘星纪
864 | 最强战帝
865 | 重生迷梦
866 | 天赋无双
867 | 修真门派掌门路
868 | 万法独尊
869 | 极品小农场
870 | 绝世强者在都市
871 | 枪神纪之枪神觉醒
872 | 武道至圣
873 | 修神大陆之众神陨落
874 | 帝国崛起
875 | 世界第一校长
876 | 十州风云志
877 | 贞观帝师
878 | 逍遥派
879 | 独步
880 | 农夫三国
881 | 电影世界逍遥行
882 | 同人之梦醒千年
883 | 随身异界浏览器
884 | 航空梦
885 | 主神的宅男卫队
886 | 新世界1620
887 | 城战系统
888 | 重生大影帝
889 | 混沌天体
891 | 破灭天道
892 | 文圣天下
893 | 超级机器人分身
894 | 重生之围棋梦
895 | 史上最强内线
896 | 权国
900 | 女鬼成灾
901 | 灵妻
902 | 最后一个阴阳师
903 | 民国档案
904 | 夺命师
905 | 御魔狂女：逆世召唤师
906 | 捡个少主来种田
907 | 首席错婚
908 | 离爱生花
909 | 名门婚宠：总裁，劫个色
910 | 我不是灰姑娘(台版名:沸剑)
911 | 爱过始知相忆深
912 | 痴心只是难懂
913 | 追夫狂想
914 | 只想跟你玩亲亲
915 | 笑闹风云
916 | 为你收藏片片真心
917 | 亲密宝贝
918 | 我依然恋你如昔
919 | 请不要把眼光离开
920 | 亲亲我的爱
921 | 假如我给你我的心
922 | 嗨！偷心俏佳人
923 | 当男人遇上女人
924 | 贱卖的嫁娘
925 | 嫁入豪门
926 | 丑女的魔咒
927 | 失恋万岁
928 | 心疼情动
929 | 不只玩玩
930 | 大汉兄弟
931 | 至尊血神
932 | 八极门界
933 | 最强极品教师
934 | 冰山女神的修罗保镖
935 | 强势掠夺：总裁别太坏
936 | 小妾翻身：风生水起
937 | 娱乐从跑男开始
938 | 谜天
939 | 下个律动叫做心跳
940 | 萌宝归来：总裁大人请深爱
941 | 只手逆天之我不是夏侯恩
942 | 龙族外传火之
943 | 异界循环
944 | 梦里不知身是客
945 | 他不是归人是个过客
946 | 奴性坚强
947 | 密妻
948 | 熟女耍心机
949 | 算计少东总裁
950 | 贺太太的前夫
951 | 维洛娜的赔本誓约
952 | 收服迷糊千金
953 | 辣手摘星心
954 | 0分好男人
955 | 总裁的初恋
956 | 原点
957 | 沸点
958 | 偷倾爵心
959 | 怎么又相会?
960 | 黑道淑女
961 | 双面维纳斯
962 | 不理想恋人
963 | 尤物新娘
964 | 暴龙大叔
965 | 一想起你
966 | 羽化残像
967 | 爱人很火大
968 | 敢爱就来
969 | 花呆
970 | 桃花舞春枫
971 | 妙手偷心
972 | 恋恋法兰西
973 | 恋恋小虾米
974 | 祸水天使迷咒
975 | 天罗地网网住你
976 | 魅影温柔
977 | 百变情人
978 | 伪装
979 | 幸福乐透
980 | 不许说爱
981 | 去他的爱情守则
982 | 先婚后爱：总裁别太猛
983 | 惹火蛮妻：帝少难驯
984 | 缠恋丑丫头
985 | 追爱不作弊(台版名:冷剑)
986 | 邪性总裁的玩偶
987 | 爱啊，爱啊！
988 | 天使封印
989 | 求职陷阱
990 | 爱情也可以简单
991 | 爱情银行
992 | 遇上爱
993 | 麻辣拜金女
994 | 不当你的乖乖牌
995 | 少东放电无人能挡
996 | 父与子
997 | 我的灰王子
998 | 新婚不禁忌
999 | 柔情痴汉
1000 | 不完美女友
1001 | 少年接班人
1002 | 喷火辣妹搞暧昧
1003 | 长男的挑战
1004 | 冤家明算帐
1005 | 报告副总你很烦
1006 | 5度浅尝爱恋
1007 | 失忆情人
1008 | 全面杜绝三心二意
1009 | 一脚定江山
1010 | 愚人穆拉诺
1011 | 爱人请落网
1012 | 想爱不放手
1013 | 敢爱大冒险
1014 | 总裁你好坏
1015 | 末段班男友
1016 | 小姐别挑剔
1017 | 随便说说你也信
1018 | 我要改名字
1019 | 媚眼俏护士
1020 | 我有个极品老公
1021 | 乌龙同居
1022 | 恋恋一秒八
1023 | 小妹的酷男人
1024 | 爱情花开
1025 | 不得不爱
1026 | 勾引总裁
1027 | 二姊的恶男人
1028 | 神龙劫婚
1029 | 情在不能醒
1030 | 仙君
1031 | 帝少独爱小魔妻
1032 | 豪门宠妻：专制老公
1033 | 蓝色游戏
1034 | 总裁的幸运妻
1035 | 恶少逼婚：女人乖乖让我爱
1036 | 异世界的魔王大人
1037 | 无尽世界穿梭者
1038 | 人道至尊
1039 | 次元出租屋
1040 | 万界图腾
1041 | 弗兰克畅游星际争霸
1042 | 净土域
1043 | 修仙之天眼通仙
1044 | 无上仙魔
1045 | 无尽破碎
1046 | 都市之最强武者
1047 | 役天帝尊
1048 | 御兔成妖
1049 | 极品小厨子
1050 | 药神空间
1051 | 丧尸女王末世记
1052 | 重生之俗人一枚
1053 | 女配凶猛
1054 | 火影之至高无上
1055 | 网游之大指挥
1056 | 疯狂农场主
1057 | 不朽武圣
1058 | 乡村首富
1059 | 我的祖先是蚩尤
1060 | 大宋的智慧
1061 | 我的贴身校花
1062 | 废土西游
1063 | 大漠狂歌
1064 | 风云火麒麟
1065 | 宠灵
1066 | 三国之袁家我做主
1067 | 盛世娱乐
1068 | 狂神刑天
1069 | 我才不是穿越来找妹子的
1070 | 快穿之炮灰逆袭记
1071 | 会穿越的外交官
1072 | 全方位幻想
1073 | 血脉皇者
1074 | 二十面骰子
1075 | 足球皇帝
1076 | 恶灵国度
1077 | 小夫小妻小仙人
1078 | 异兽进化史
1079 | 纨绔毒医
1080 | 一剑飞仙
1081 | 怡家怡室
1082 | 王后嫁到
1083 | 农女奋斗记
1084 | 水银之血
1085 | 权贵娇
1086 | 戮神绝天
1087 | 追个术士做老婆
1088 | 关于世界的一己之见
1089 | 史上最牛穿越
1090 | 殡葬学的那些诡异事
1091 | 宅男的韩娱
1092 | 重生在奥匈帝国
1093 | 鬼眼契约
1094 | 民国地下之王
1095 | 超能掌控
1097 | 神奇宝贝之黑夜刺客
1098 | 剑道独神
1099 | 非洲大牧场
1100 | 大天师
1101 | 诛邪传奇
1102 | 首席情人：凶猛男神狠狠爱
1103 | 我爱小胖妹
1104 | 折煞公子哥
1105 | 爱你缺了氧
1106 | 烈火青春part10
1107 | 烈火青春part9
1108 | 追妻风流记
1109 | 两小无猜绝对配
1110 | 吸血美少女
1111 | 恋味交际花
1112 | 陪嫁凤凰
1113 | 天使的诡计
1114 | 恋人想太多
1115 | 再吵我娶你!
1116 | 爱情对了味
1117 | 王子变苛男
1118 | 胡涂奶爸
1119 | 火爆鸳鸯
1120 | 铁娘子霸情记
1121 | 绯色恋曲乱了调
1122 | 迷信的女人
1123 | 恶魔总裁的灰姑娘
1124 | 一品盲妃
1125 | 重生之黑道女神免费阅读
1126 | 冰凰
1127 | 特工神尊
1128 | 绝色魔尊
1129 | 强占小妻
1130 | 败家小娘子
1131 | 妖王的娇宠妃
1132 | 弟弟,饶了我
1133 | 高官的黑市妻
1134 | 腹黑三小姐
1135 | 凤煞血帝
1136 | 鸩妃
1137 | 相府庶女
1138 | 盛世邪凰
1139 | 佣兵大小姐
1140 | 逆天九公主
1141 | 花家姑娘
1142 | 唯妻是从
1143 | 预借老公
1144 | 等到花儿也谢了
1145 | 爱你不需言语
1146 | 恶狼别太
1147 | 夏日的花火节
1148 | 依依不舍迷蝶香
1149 | 缠到你投降
1150 | 爱你太麻烦
1151 | 错下情咒
1152 | 法老王的痴
1153 | 副总的诱惑
1154 | 老公换你当
1155 | 溺爱论
1156 | 疑男杂症
1157 | 交易淑女
1158 | 娃娃情人
1159 | 少东索情无人能躲
1160 | 下课后的契约
1161 | 后爱
1162 | 陪你九年不后悔
1163 | 追爱魔法咒
1164 | 情人别想逃
1165 | 我爱小茉莉
1166 | 绯闻上身
1167 | 美男的诡计
1168 | 恐龙甜心
1169 | 别怕难为情
1170 | 完美豪门男人
1171 | 酒家女新娘
1172 | 再也不放手
1173 | 爱恋千面女
1174 | 爱得很小心
1175 | 狮情画意
1176 | 好想跟你在一起
1177 | 冷情玫瑰
1178 | 香水女人的Love
1179 | 桃色关系法
1180 | 纯爱初体验
1181 | 总裁的私密演出
1182 | 搞怪灰姑娘
1183 | 四个老公我都爱
1184 | 冷漠系情人
1185 | 逃爱坏公主
1186 | 天赐真命娘子
1187 | 不甩你硬追
1188 | 霸道拐娇妻
1189 | 狠黏你
1190 | 寻找太阳先生
1191 | 偶像良人
1192 | 就爱装模作样的你
1193 | 十七岁专心长大
1194 | 温柔坏女人
1195 | 愈拥抱愈寂寞
1196 | 就是讨厌你！
1197 | 单恋物语
1198 | 与龙共舞
1199 | 面具
1200 | 甜心不对盘
1201 | 深泉
1202 | 偷情
1203 | 永不止息(下)
1204 | 霸情恶男
1205 | 初恋情人
1206 | 百年好合
1207 | 我的可鲁副总裁
1208 | 爱情大骗子
1209 | 黑帮
1210 | 迷乱到此为止
1211 | 欠你八年还不完
1212 | 爱人爱变脸
1213 | 风流皇族三少
1214 | 赖定了
1215 | 邂逅在唐朝
1216 | 少奶奶头号人选
1217 | 情人不害臊
1218 | 爱上小狐狸
1219 | 猎捕野丫头
1220 | 熟女要争气
1221 | 董事长超难搞
1222 | 麻烦俏新娘
1223 | 怪物猎人OL之猫行天下
1224 | 导演巨星
1225 | 落宅的双身少女
1226 | 星际之死神传奇
1227 | 万古仙皇
1228 | 调频未来
1229 | 妙手仁医
1230 | 天剑至尊
1231 | 绝世丹神
1232 | 终极教官
1233 | 龙武帝尊
1234 | 三国之烽火连城
1235 | 疯刀传
1236 | 网游之菜鸟天王
1237 | 刀斩江湖
1238 | 诸天王座
1239 | 大灾变
1240 | 请把你的背后交给我
1241 | 重生之福星高照
1242 | 庶庶得正
1243 | 梦回武唐春
1244 | 机器警察
1245 | 三国之鬼神无双
1246 | 隋唐大主宰
1247 | 星河巫妖
1248 | 阴阳代理人之改命师
1249 | 祖巫霸世
1250 | 全民偶像
1251 | 无尽仙河
1252 | 天武榜
1253 | 别笑哥抓鬼呢
1254 | 全职仙师
1255 | 终极武力
1256 | 天才相少
1257 | 浴血天歌
1258 | 幸福武侠
1259 | 谋嫡
1260 | 极限武尊
1261 | 无敌透视
1262 | 护界灵尊
1263 | 铁血女兵
1264 | 都市赢家人生
1265 | 市井商女
1266 | 明末称雄
1267 | 惊世仙尊
1268 | 我的董事长老婆
1269 | 辉煌之世
1270 | 太古神皇
1271 | 剑灵之心
1272 | 法神之怒
1273 | 大荒蛮神
1274 | 半神文明
1275 | 重生明星路
1276 | 武侠枭雄
1277 | 英雄联盟之超越巅峰
1278 | 文娱之皇
1279 | 女神成长日志
1280 | 妙手生香
1281 | 大刁民
1282 | 粮油帝国
1283 | 虫族修士
1284 | 末世之科学巫师
1285 | 妖焰通天
1286 | 韩娱之金道俊传
1287 | 最终救赎
1288 | 重生是精灵
1289 | 刀之神皇
1290 | 白衣乱世行
1291 | 补天
1292 | 神武踏天
1293 | 宠物小精灵之鹤娘
1294 | 九指剑魔
1295 | 遮仙
1296 | 游戏主神养成指南
1297 | 明末国色江山
1298 | 长生至尊
1299 | 大贼
1300 | 帝临鸿蒙
1301 | 霸天雷神
1302 | 战魔圣尊
1303 | 巫师之旅
1304 | 造化之王
1305 | 气冲星空
1306 | 悟空当年
1307 | 妙手无双
1308 | 盗神挽天
1309 | 与病毒同行
1310 | 战破云霄
1311 | 神级天赋
1312 | 大宋小郎君
1313 | 末世之BOSS在上
1314 | 杀手穿越手记
1315 | 我的幻想世界
1316 | 我是极品炉鼎
1317 | 圣印至尊
1318 | 重生明末当皇帝
1319 | 万界第一匪
1320 | 修仙小蛮女
1321 | 风鬼传说
1322 | 天书谜图
1323 | 仙都
1324 | 妖精的魔匣
1325 | 原始战记
1326 | 姻缘绯定
1327 | 仙门弃少
1328 | 死惧列车
1329 | 社长天下
1330 | 绝世邪神
1331 | 大唐西域少年行
1332 | 捡个杀手做老婆
1333 | 全民大穿越
1334 | 特种护花兵王
1335 | 网游之我是终极大BOSS
1336 | 1855美国大亨
1337 | 超级掠食者系统
1338 | 绝世战仙
1339 | 超级生物高手
1340 | 混沌剑神
1341 | 万僵之祖
1342 | 大明星的贴身司机
1343 | 灵丹传奇
1344 | 赤焰天尊
1345 | 异界之水货金手指
1346 | 我从地狱爬上来
1347 | 极限强者
1348 | 怒剑龙吟
1349 | 重生之无限逆推系统
1350 | 大神已掉线
1351 | 超凡入圣
1352 | 明贼
1353 | 机械军团纵横修真世界
1354 | 海贼王与龙之子
1355 | 拒嫁豪门：少奶奶99次出逃
1356 | 暗黑破坏神之毁灭
1357 | 透视高手
1358 | 最后一个道士Ⅱ
1359 | 傲气凌神
1360 | 美女董事长老婆
1361 | 笑傲武侠世界
1362 | 苍天大圣
1363 | 超级仙气
1364 | 特种兵王在都市
1365 | 仙武同修
1366 | 立地为仙
1367 | 天下珍玩
1368 | 女二号逆袭记
1369 | 重生之圆梦人生
1370 | 重生之凤霸天下
1371 | 文化抵抗最前线
1372 | 至宠杀手妃
1373 | 逆天尸神
1374 | 末法时代之第七重天
1375 | 翡冷翠的时代
1376 | 乡村之王
1377 | 美女战神
1378 | 我的地头儿我做主
1379 | 龙神决
1380 | 上古世纪之亡魂收割者
1381 | 万界至强
1382 | 通古天帝
1383 | 重生之最强剑神
1384 | 妖孽兵王
1385 | 重生女相师
1386 | 农家小小女
1387 | 苍天剑歌
1388 | 宅男传奇
1389 | 误惹妖孽王爷：废材逆天四小姐
1390 | 如果毁灭
1391 | 网游之星剑传奇
1392 | 异界最强系统
1393 | 超级灵药师系统
1394 | 贵女锦绣
1395 | 最强锻符师
1396 | 韩娱之2015
1397 | 我的僵尸老师
1398 | 近身兵王
1399 | 修真江湖行之仙台记
1400 | 末世之本源进化
1401 | 九鼎至尊
1402 | 无上圣王
1403 | 九荒帝魔决
1404 | 星期五有鬼
1405 | 抗日之肥胆英雄
1406 | 超神级穿越
1407 | 神仙下凡传
1408 | 全球至尊
1409 | 外挂也疯狂
1410 | 北欧志
1411 | 好莱坞制作
1412 | 木梦灵的重生之路
1413 | 圣脉
1414 | 重生之修仙日常
1415 | 肥婆当自强
1416 | 权力巅峰
1417 | 辉煌岁月
1418 | 凌剑天下
1419 | 女神能掐会算
1420 | 肥水田家
1421 | 网游之极品生活玩家
1422 | 重生之大罗金仙
1423 | 神级兵王在都市
1424 | 洪荒无量道
1425 | 黑铁之堡
1426 | 求仙则仙
1427 | 三国梦境
1428 | 祷师
1429 | 戮神残箫
1430 | 天道皇座
1431 | 穿越之绝唱樱歌
1432 | 重生之星空巨蚊
1433 | 霸气军长成神路
1434 | 美女房东的贴身护卫
1435 | 灵域
1436 | 我在微观世界吃炸鸡
1437 | 全职真仙
1438 | 全职死神
1439 | 骑士的愉悦征途
1440 | 第一贤妇
1441 | 超级护花天王
1442 | 重生空间之田园归处
1443 | 符镇八荒
1444 | 都市之洞天仙境
1445 | 最强狂兵
1446 | 默茉仙途
1447 | 穿越1862
1448 | 星际之萌妹来袭
1449 | 非正常勇者报告
1450 | 异界兴唐
1451 | 地球纪元
1452 | 诛砂
1453 | 晋霸天下
1454 | 武神风暴
1455 | 无限进化
1456 | 重生燕归巢
1457 | 寰宇法神之网游系统
1458 | 玄门八脉
1459 | 花花太监
1460 | 极品相师
1461 | 剑王朝
1462 | 零剑星之刻
1463 | 神魔戮武
1464 | 绝品丹医
1465 | 仙医鬼卜
1466 | 此号有毒
1467 | 元始魔神
1468 | 笑傲神雕天龙
1469 | 近身狂医
1470 | 重生之资源大亨
1471 | 暴力军嫂有点甜
1472 | 低调术士
1473 | 百度人
1474 | 炮灰女配的无限逆袭
1475 | 无敌天下
1476 | 武侠世界大穿越
1477 | 美女总裁的小保镖
1478 | 血衣卫
1479 | 极品灵药师
1480 | 末日剑神的悠闲生活
1481 | 都市大地主
1482 | 天将夜
1483 | 最终救赎
1484 | 天眼
1485 | 王牌保镖
1486 | 进化的四十六亿重奏
1487 | 小胖妹修仙记
1488 | 我的23岁美女总裁
1489 | 无上神王
1490 | 武侠世界大冒险
1491 | 重生之悍女青叶
1492 | 重生做个农家女
1493 | 蚀骨药香
1494 | 天遂人意
1495 | 真武世界
1496 | 韩娱之炫
1497 | 武逆玄神
1498 | 虫皇主宰
1499 | 三界监狱
1500 | 韩娱之掌控星光
1501 | 重生之妾本嫡枝
1502 | 容华录
1503 | 史上第一祖师爷
1504 | 英雄联盟之幕后强者
1505 | 重生之零售大亨
1506 | 抵抗黑暗
1507 | 都市绝品仙王
1508 | 姐姐宝贝
1509 | 四月一日
1510 | 生死相许无尽处
1511 | 心疼姊姊
1512 | 无巧不成爱
1513 | 梦世界(下)
1514 | 梦世界(上)
1515 | 宝贝姐姐
1516 | 男怕入错巷
1517 | 偷亲太保
1518 | 狂情哥哥
1519 | 凤破苍穹
1520 | 财女敛夫
1521 | 我的古代小夫侍
1522 | 亿万前妻
1523 | 妖孽我休了你
1524 | 狂少霸情
1525 | 女法师的崛起
1526 | 腹黑皇子妖孽妃
1527 | 重生一王牌贵公子
1528 | 明明欠管教
1529 | 等待你可以吗？
1530 | 荡漾千鹤情
1531 | 喜欢就吻我
1532 | 掬梦听雨荷
1533 | 诱妻狂想曲
1534 | 吃你上了瘾
1535 | 帅哥超优质
1536 | 爱上花心霸道男
1537 | 老公不回锅
1538 | 嘘！别说我爱情夫
1539 | 我是老大
1540 | 顺顺逗虞心
1541 | 我要为你做做饭
1542 | 骗得美人归
1543 | 宠我一生
1544 | 你爱他我爱你
1545 | 好个神棍巧佳人
1546 | 专业浪子
1547 | 索爱狂男
1548 | 和你不对盘
1549 | 男人别靠近
1550 | 恶魔截爱
1551 | 收服寂寞灰姑娘
1552 | 富少迷恋效应
1553 | 亲亲坏新娘
1554 | 暧昧同居
1555 | 重温旧爱
1556 | 婚后再相爱
1557 | 阴阳鬼医
1558 | 重磅回归：财迷宝贝要当家
1559 | 天生一对：只做你的掌中宝
1560 | 第六只尸虫
1561 | 蜜爱痴缠，老婆太霸道
1562 | 这世界 有你不会变
1563 | 一品盗墓妃
1564 | 修仙高手在都市
1565 | 魔鬼的学徒
1566 | 汉末文丑
1567 | 冠军之心
1568 | 九重神格
1569 | 射雕之武穆遗书
1570 | 危险拍档
1571 | 雄狮王座
1572 | 颤栗世界
1573 | 我家农场有条龙
1574 | 分身八爪鱼
1575 | 机械神皇
1576 | 重生韩国大导演
1577 | 神级叶良辰
1578 | 勇者大冒险：黄泉手记
1579 | 天生科技狂
1581 | 老婆是大将军
1582 | 大巫纪元
1584 | 另类无限
1585 | 电影教师
1586 | 超时空大帝国
1587 | 传奇巨导
1588 | 商战教父
1589 | 仙界独尊
1590 | 韩定食
1591 | 女总裁的功夫神医
1592 | 美利坚牧场
1593 | 我家师傅被宅女拐跑了
1594 | 大亨之路
1595 | 七界武神
1596 | 武侠之父
1597 | 神箓
1598 | 游方道仙
1599 | 太浩
1600 | 东京道士
1601 | 无限之黑暗武装
1602 | 武神戮天
1603 | 绝世保镖
1604 | 名门之一宠成灾
1605 | 恶魔总裁的小妻子
1606 | 异界之荣耀梦想
1607 | 灭天封神
1608 | 踏仙斩神
1609 | 寂静杀戮
1610 | 重生英国当文豪
1611 | 星际淘宝网
1612 | 帝尊图腾
1613 | 俺是一个贼
1614 | 大唐李承宗
1615 | 荒古血帝
1616 | 魔狱
1617 | 我是全民女神
1618 | 假忍者闯异界
1619 | 遗憾弥补系统
1620 | 漫威心灵传输者
1621 | 位面之大冒险
1622 | 无双轮回
1623 | 移动藏经阁
1624 | 龙傲战神
1625 | 机战星迭
1626 | 噬灵时代
1627 | 三国之召唤猛将
1628 | bug之神
1629 | 官道无疆
1630 | 我欲封天
1631 | 抗日之浩然正气
1632 | 无敌药尊
1633 | 无限单机漫游记
1634 | 都市最强仙医
1635 | 军工霸业
1636 | 少年医仙
1637 | 失控的电影世界
1638 | 疯狂进化的虫子
1639 | 韩娱之阴阳眼
1640 | 绝色生香
1641 | 飞天
1642 | 百行逆天
1643 | 仙念
1644 | 游戏重生之魔刃
1645 | 贵族纹章
1646 | 末日狂想者
1647 | 韩娱之制作人大亨
1648 | 水晶聊斋之终极
1649 | 武侠世界里的玩家
1650 | 大拼杀
1651 | 浪迹在武侠世界的道士
1652 | 全职修仙高手
1653 | 穿梭在无限废土
1654 | 邪御天娇
1655 | 风骚重生传
1656 | 陆海大地主
1657 | 流氓艳遇记
1658 | 东方大亨
1659 | 最后一个阴阳先生
1660 | 山海秘闻录
1661 | 王老实的幸福生活
1662 | 重生之逆光飞翔
1663 | 逍遥侯
1664 | 我的师傅是校花
1665 | 得分之王
1666 | 超时空垃圾站
1667 | 死亡名单
1668 | 闺门秀
1669 | 绝命游戏
1670 | 贞观闲人
1671 | 无限爱恋
1672 | 战气凌霄
1673 | 修仙笔记
1674 | 铁马关山
1675 | 宝谛独辉
1676 | 不死武尊
1677 | 天下英雄争霸
1678 | 京城诡事
1679 | 民国二十六年我来自未来
1680 | 我的手机连着塞伯坦
1681 | 山神
1682 | 穿梭在无限时空
1683 | 凉城客栈
1684 | 穿越火线之生化枪神
1685 | 大明星系统
1686 | 重生金融王朝
1687 | 逍遥军医
1688 | 群英三国
1689 | 极品修仙高手
1690 | 至尊武灵
1691 | 江湖博
1692 | 上古世纪之妖兽都市
1693 | 至尊纨绔
1694 | 九针神医
1695 | 钢铁侠异界无敌
1696 | 开艘航母去抗日
1697 | 最强地球导师
1698 | 丐世神医
1699 | 逆仙成道
1700 | 崎岖人生路
1701 | 仙鼎煅神
1702 | 监控天琴人
1703 | 天火大道
1704 | 女总裁的近身高手
1705 | 网游之桃源领主
1706 | 林炎传
1707 | 修神外传
1708 | 回到明末当军阀
1709 | 大明武夫
1710 | 最强丹药系统
1711 | 都市狂兵
1712 | 末世之有家小店
1713 | 北美大唐
1714 | 大泼猴
1715 | 无限自由者
1716 | 重生当妖王
1717 | 阴魂借子
1718 | 逆天邪神
1719 | 守望黎明号
1720 | 异常生物见闻录
1721 | 最强阴阳师
1722 | 不良之谁与争锋
1723 | 仙路春秋
1724 | 祖择
1725 | 武道天心
1726 | 定道
1727 | 灵能骑士
1728 | 死神之无限拷贝
1729 | 仙路玲珑
1730 | 九霄仙冢
1731 | 起灵
1732 | 天命神权
1733 | 异度
1734 | 发个微信去天庭
1735 | 再建一个大汉朝
1736 | 周游武侠世界
1737 | 次元旅店
1738 | 极品透视
1739 | 一世之尊
1740 | 亿次元
1741 | 舰娘世界野外求生记事
1742 | 傻妞种田记
1743 | 清潭洞的幸运星
1744 | 皇牌龙骑
1745 | 大主宰
1746 | 万剑之王
1747 | 明士
1748 | 跳跃一千年
1749 | 神狱之门
1750 | 鬼咒
1751 | 末世尘光
1752 | 影帝带蛋跑[重生]
1753 | 镜幻书
1754 | 音速侠
1755 | 武乱独尊
1756 | 不死神皇
1757 | 都市最强狂兵
1758 | 全能弃少
1759 | 大鬼雄
1760 | 颤抖吧NPC
1761 | 豪门暖婚蜜爱
1762 | EXO之幻想未来
1763 | 活阴差
1764 | 我不想做富翁
1765 | 水云心
1766 | 冠宠嫡妃
1767 | 诡案追凶
1768 | 朱砂泪之未央殇
1769 | 末世之有靠山做女王
1770 | 天下画，妖娆书
1771 | 金牌神医：腹黑宠妃
1772 | 如骄似妻
1773 | 灭天魔剑
1774 | Boss来袭：腹黑宝拍卖妈妈
1775 | 我的名模总裁
1776 | 将门女的秀色田园
1777 | 妖孽世子腹黑女
1778 | 星海圆舞曲
1779 | 技能兑换系统
1780 | 侠道三国
1781 | 二两聘皇媳
1782 | 幻想世界穿越法则
1783 | 傲娇小皇后
1784 | 世外仙农
1785 | 医女狂炸天：万毒小魔妃
1786 | 妈咪很大牌：爹地，你栽了！
1787 | 女神的阴阳顾问
1788 | 神医庶女：杀手弃妃毒逆天
1789 | 首领的睡前甜点
1790 | 美女的富豪保镖
1791 | 穿越婚然天成
1792 | 明末传奇
1793 | 最强兵王
1794 | 青帝
1795 | 废材重生：腹黑狂神医
1796 | 超武四万年
1797 | 全能小农民
1798 | 这个男人不太冷
1799 | 无尽杀戮之超神武装
1800 | 神级猎杀者
1801 | 甜妻蜜恋
1802 | 快穿事务所
1803 | 九域封天
1804 | 入神灵
1805 | 蛇蝎毒妃
1806 | 进化国度
1807 | 渡世仙缘
1808 | 能斗
1809 | 帝火丹王
1810 | 寻仙战记
1811 | 商鞅传奇
1812 | 毒妃重生之杀伐
1813 | 男神的秘密：偷吻老婆甜甜哒
1814 | 黑科技宅的无限之路
1815 | 赖石浅浅
1816 | 女总裁的超强保镖
1817 | 重生之强者风云
1818 | 战场合同工
1819 | 全能灵师之废柴三小姐
1918 | 医武天道
1919 | 都市之位面旅行家
1923 | 电影世界大抽奖
1924 | 虐仙记
1925 | 德鲁伊在现代
1926 | 超级分卫
1927 | 特种狂兵
1928 | 我之修仙
1929 | 重生神雕之杨过
1930 | 无限西游
1931 | 最强穿越者
1932 | 九脉天轮
1933 | 都市天书
1934 | 战隋
1935 | 堕风
1936 | 修真强少在校园
1937 | 极品全能狂少
1938 | 极品神医姐夫
